<?xml version="1.0" encoding="UTF-8"?>
<testsuite xmlns:xsi="http://www.w3.org/2001/XMLSchema-instance" xsi:noNamespaceSchemaLocation="https://maven.apache.org/surefire/maven-surefire-plugin/xsd/surefire-test-report.xsd" name="rsa.challenge.RsaCodeChallengeApplicationTests" time="4.551" tests="4" errors="0" skipped="0" failures="0">
  <properties>
[...]
</properties>
  <testcase name="testFirstScenario" classname="rsa.challenge.RsaCodeChallengeApplicationTests" time="1.003"/>
  <testcase name="testSecoundScenario" classname="rsa.challenge.RsaCodeChallengeApplicationTests" time="0.053"/>
  <testcase name="testFourthAndFifthScenario" classname="rsa.challenge.RsaCodeChallengeApplicationTests" time="0.496"/>
  <testcase name="testThirdScenario" classname="rsa.challenge.RsaCodeChallengeApplicationTests" time="0.166"/>
</testsuite>